# JRE version: OpenJDK Runtime Environment (8.0_76-b03) (build 1.8.0_76-release-b03)
# Java VM: OpenJDK 64-Bit Server VM (25.76-b03 mixed mode windows-amd64 compressed oops)
Heap:
 PSYoungGen      total 406528K, used 27863K [0x00000000e0000000, 0x00000000ffb80000, 0x0000000100000000)
  eden space 402944K, 6% used [0x00000000e0000000,0x00000000e1b35df0,0x00000000f8980000)
  from space 3584K, 0% used [0x00000000f8980000,0x00000000f8980000,0x00000000f8d00000)
  to   space 58368K, 0% used [0x00000000fc280000,0x00000000fc280000,0x00000000ffb80000)
 ParOldGen       total 235520K, used 56057K [0x00000000a0000000, 0x00000000ae600000, 0x00000000e0000000)
  object space 235520K, 23% used [0x00000000a0000000,0x00000000a36be4d0,0x00000000ae600000)
 Metaspace       used 73182K, capacity 76994K, committed 77232K, reserved 1116160K
  class space    used 9369K, capacity 10072K, committed 10160K, reserved 1048576K
GC Heap History (10 events):
Event: 366.594 GC heap before
{Heap before GC invocations=26 (full 5):
 PSYoungGen      total 463360K, used 330281K [0x00000000e0000000, 0x0000000100000000, 0x0000000100000000)
  eden space 398848K, 76% used [0x00000000e0000000,0x00000000f2a86c48,0x00000000f8580000)
  from space 64512K, 38% used [0x00000000fc100000,0x00000000fd903b18,0x0000000100000000)
  to   space 60928K, 0% used [0x00000000f8580000,0x00000000f8580000,0x00000000fc100000)
 ParOldGen       total 235520K, used 106394K [0x00000000a0000000, 0x00000000ae600000, 0x00000000e0000000)
  object space 235520K, 45% used [0x00000000a0000000,0x00000000a67e6a70,0x00000000ae600000)
 Metaspace       used 71252K, capacity 74140K, committed 74288K, reserved 1114112K
  class space    used 9152K, capacity 9755K, committed 9776K, reserved 1048576K
Event: 366.608 GC heap after
Heap after GC invocations=26 (full 5):
 PSYoungGen      total 459776K, used 3952K [0x00000000e0000000, 0x0000000100000000, 0x0000000100000000)
  eden space 398848K, 0% used [0x00000000e0000000,0x00000000e0000000,0x00000000f8580000)
  from space 60928K, 6% used [0x00000000f8580000,0x00000000f895c010,0x00000000fc100000)
  to   space 60416K, 0% used [0x00000000fc500000,0x00000000fc500000,0x0000000100000000)
 ParOldGen       total 235520K, used 124412K [0x00000000a0000000, 0x00000000ae600000, 0x00000000e0000000)
  object space 235520K, 52% used [0x00000000a0000000,0x00000000a797f008,0x00000000ae600000)
 Metaspace       used 71252K, capacity 74140K, committed 74288K, reserved 1114112K
  class space    used 9152K, capacity 9755K, committed 9776K, reserved 1048576K
}
Event: 366.608 GC heap before
{Heap before GC invocations=27 (full 6):
 PSYoungGen      total 459776K, used 3952K [0x00000000e0000000, 0x0000000100000000, 0x0000000100000000)
  eden space 398848K, 0% used [0x00000000e0000000,0x00000000e0000000,0x00000000f8580000)
  from space 60928K, 6% used [0x00000000f8580000,0x00000000f895c010,0x00000000fc100000)
  to   space 60416K, 0% used [0x00000000fc500000,0x00000000fc500000,0x0000000100000000)
 ParOldGen       total 235520K, used 124412K [0x00000000a0000000, 0x00000000ae600000, 0x00000000e0000000)
  object space 235520K, 52% used [0x00000000a0000000,0x00000000a797f008,0x00000000ae600000)
 Metaspace       used 71252K, capacity 74140K, committed 74288K, reserved 1114112K
  class space    used 9152K, capacity 9755K, committed 9776K, reserved 1048576K
Event: 366.954 GC heap after
Heap after GC invocations=27 (full 6):
 PSYoungGen      total 459776K, used 0K [0x00000000e0000000, 0x0000000100000000, 0x0000000100000000)
  eden space 398848K, 0% used [0x00000000e0000000,0x00000000e0000000,0x00000000f8580000)
  from space 60928K, 0% used [0x00000000f8580000,0x00000000f8580000,0x00000000fc100000)
  to   space 60416K, 0% used [0x00000000fc500000,0x00000000fc500000,0x0000000100000000)
 ParOldGen       total 235520K, used 56618K [0x00000000a0000000, 0x00000000ae600000, 0x00000000e0000000)
  object space 235520K, 24% used [0x00000000a0000000,0x00000000a374a9c0,0x00000000ae600000)
 Metaspace       used 71252K, capacity 74140K, committed 74288K, reserved 1114112K
  class space    used 9152K, capacity 9755K, committed 9776K, reserved 1048576K
}
Event: 442.728 GC heap before
{Heap before GC invocations=28 (full 6):
 PSYoungGen      total 459776K, used 398848K [0x00000000e0000000, 0x0000000100000000, 0x0000000100000000)
  eden space 398848K, 100% used [0x00000000e0000000,0x00000000f8580000,0x00000000f8580000)
  from space 60928K, 0% used [0x00000000f8580000,0x00000000f8580000,0x00000000fc100000)
  to   space 60416K, 0% used [0x00000000fc500000,0x00000000fc500000,0x0000000100000000)
 ParOldGen       total 235520K, used 56618K [0x00000000a0000000, 0x00000000ae600000, 0x00000000e0000000)
  object space 235520K, 24% used [0x00000000a0000000,0x00000000a374a9c0,0x00000000ae600000)
 Metaspace       used 72381K, capacity 75670K, committed 75824K, reserved 1116160K
  class space    used 9265K, capacity 9920K, committed 10032K, reserved 1048576K
Event: 442.742 GC heap after
Heap after GC invocations=28 (full 6):
 PSYoungGen      total 461824K, used 4396K [0x00000000e0000000, 0x00000000ffe80000, 0x0000000100000000)
  eden space 402944K, 0% used [0x00000000e0000000,0x00000000e0000000,0x00000000f8980000)
  from space 58880K, 7% used [0x00000000fc500000,0x00000000fc94b1a0,0x00000000ffe80000)
  to   space 59904K, 0% used [0x00000000f8980000,0x00000000f8980000,0x00000000fc400000)
 ParOldGen       total 235520K, used 56626K [0x00000000a0000000, 0x00000000ae600000, 0x00000000e0000000)
  object space 235520K, 24% used [0x00000000a0000000,0x00000000a374c9c0,0x00000000ae600000)
 Metaspace       used 72381K, capacity 75670K, committed 75824K, reserved 1116160K
  class space    used 9265K, capacity 9920K, committed 10032K, reserved 1048576K
}
Event: 529.488 GC heap before
{Heap before GC invocations=29 (full 6):
 PSYoungGen      total 461824K, used 288804K [0x00000000e0000000, 0x00000000ffe80000, 0x0000000100000000)
  eden space 402944K, 70% used [0x00000000e0000000,0x00000000f15be168,0x00000000f8980000)
  from space 58880K, 7% used [0x00000000fc500000,0x00000000fc94b1a0,0x00000000ffe80000)
  to   space 59904K, 0% used [0x00000000f8980000,0x00000000f8980000,0x00000000fc400000)
 ParOldGen       total 235520K, used 56626K [0x00000000a0000000, 0x00000000ae600000, 0x00000000e0000000)
  object space 235520K, 24% used [0x00000000a0000000,0x00000000a374c9c0,0x00000000ae600000)
 Metaspace       used 73132K, capacity 76906K, committed 77232K, reserved 1116160K
  class space    used 9360K, capacity 10064K, committed 10160K, reserved 1048576K
Event: 529.493 GC heap after
Heap after GC invocations=29 (full 6):
 PSYoungGen      total 406528K, used 3132K [0x00000000e0000000, 0x00000000ffb80000, 0x0000000100000000)
  eden space 402944K, 0% used [0x00000000e0000000,0x00000000e0000000,0x00000000f8980000)
  from space 3584K, 87% used [0x00000000f8980000,0x00000000f8c8f1b0,0x00000000f8d00000)
  to   space 58368K, 0% used [0x00000000fc280000,0x00000000fc280000,0x00000000ffb80000)
 ParOldGen       total 235520K, used 56634K [0x00000000a0000000, 0x00000000ae600000, 0x00000000e0000000)
  object space 235520K, 24% used [0x00000000a0000000,0x00000000a374e9c0,0x00000000ae600000)
 Metaspace       used 73132K, capacity 76906K, committed 77232K, reserved 1116160K
  class space    used 9360K, capacity 10064K, committed 10160K, reserved 1048576K
}
Event: 529.493 GC heap before
{Heap before GC invocations=30 (full 7):
 PSYoungGen      total 406528K, used 3132K [0x00000000e0000000, 0x00000000ffb80000, 0x0000000100000000)
  eden space 402944K, 0% used [0x00000000e0000000,0x00000000e0000000,0x00000000f8980000)
  from space 3584K, 87% used [0x00000000f8980000,0x00000000f8c8f1b0,0x00000000f8d00000)
  to   space 58368K, 0% used [0x00000000fc280000,0x00000000fc280000,0x00000000ffb80000)
 ParOldGen       total 235520K, used 56634K [0x00000000a0000000, 0x00000000ae600000, 0x00000000e0000000)
  object space 235520K, 24% used [0x00000000a0000000,0x00000000a374e9c0,0x00000000ae600000)
 Metaspace       used 73132K, capacity 76906K, committed 77232K, reserved 1116160K
  class space    used 9360K, capacity 10064K, committed 10160K, reserved 1048576K
Event: 529.954 GC heap after
Heap after GC invocations=30 (full 7):
 PSYoungGen      total 406528K, used 0K [0x00000000e0000000, 0x00000000ffb80000, 0x0000000100000000)
  eden space 402944K, 0% used [0x00000000e0000000,0x00000000e0000000,0x00000000f8980000)
  from space 3584K, 0% used [0x00000000f8980000,0x00000000f8980000,0x00000000f8d00000)
  to   space 58368K, 0% used [0x00000000fc280000,0x00000000fc280000,0x00000000ffb80000)
 ParOldGen       total 235520K, used 56057K [0x00000000a0000000, 0x00000000ae600000, 0x00000000e0000000)
  object space 235520K, 23% used [0x00000000a0000000,0x00000000a36be4d0,0x00000000ae600000)
 Metaspace       used 73132K, capacity 76906K, committed 77232K, reserved 1116160K
  class space    used 9360K, capacity 10064K, committed 10160K, reserved 1048576K
}

