# JRE version: OpenJDK Runtime Environment (8.0_76-b03) (build 1.8.0_76-release-b03)
# Java VM: OpenJDK 64-Bit Server VM (25.76-b03 mixed mode windows-amd64 compressed oops)
Heap:
 PSYoungGen      total 101888K, used 84937K [0x00000000e0000000, 0x00000000e6d80000, 0x0000000100000000)
  eden space 91648K, 83% used [0x00000000e0000000,0x00000000e4aae738,0x00000000e5980000)
  from space 10240K, 82% used [0x00000000e5980000,0x00000000e61c3ec8,0x00000000e6380000)
  to   space 7680K, 0% used [0x00000000e6600000,0x00000000e6600000,0x00000000e6d80000)
 ParOldGen       total 66048K, used 15131K [0x00000000a0000000, 0x00000000a4080000, 0x00000000e0000000)
  object space 66048K, 22% used [0x00000000a0000000,0x00000000a0ec6d48,0x00000000a4080000)
 Metaspace       used 44065K, capacity 45016K, committed 45104K, reserved 1087488K
  class space    used 5897K, capacity 6130K, committed 6192K, reserved 1048576K
GC Heap History (10 events):
Event: 3.803 GC heap before
{Heap before GC invocations=7 (full 1):
 PSYoungGen      total 71680K, used 71664K [0x00000000e0000000, 0x00000000e7000000, 0x0000000100000000)
  eden space 66560K, 100% used [0x00000000e0000000,0x00000000e4100000,0x00000000e4100000)
  from space 5120K, 99% used [0x00000000e4100000,0x00000000e45fc1d8,0x00000000e4600000)
  to   space 10240K, 0% used [0x00000000e6600000,0x00000000e6600000,0x00000000e7000000)
 ParOldGen       total 66048K, used 10805K [0x00000000a0000000, 0x00000000a4080000, 0x00000000e0000000)
  object space 66048K, 16% used [0x00000000a0000000,0x00000000a0a8d520,0x00000000a4080000)
 Metaspace       used 27771K, capacity 28278K, committed 28592K, reserved 1073152K
  class space    used 3786K, capacity 3929K, committed 4016K, reserved 1048576K
Event: 3.809 GC heap after
Heap after GC invocations=7 (full 1):
 PSYoungGen      total 99328K, used 5028K [0x00000000e0000000, 0x00000000e6d80000, 0x0000000100000000)
  eden space 91648K, 0% used [0x00000000e0000000,0x00000000e0000000,0x00000000e5980000)
  from space 7680K, 65% used [0x00000000e6600000,0x00000000e6ae9378,0x00000000e6d80000)
  to   space 10240K, 0% used [0x00000000e5980000,0x00000000e5980000,0x00000000e6380000)
 ParOldGen       total 66048K, used 10813K [0x00000000a0000000, 0x00000000a4080000, 0x00000000e0000000)
  object space 66048K, 16% used [0x00000000a0000000,0x00000000a0a8f520,0x00000000a4080000)
 Metaspace       used 27771K, capacity 28278K, committed 28592K, reserved 1073152K
  class space    used 3786K, capacity 3929K, committed 4016K, reserved 1048576K
}
Event: 4.761 GC heap before
{Heap before GC invocations=8 (full 1):
 PSYoungGen      total 99328K, used 96676K [0x00000000e0000000, 0x00000000e6d80000, 0x0000000100000000)
  eden space 91648K, 99% used [0x00000000e0000000,0x00000000e597fe20,0x00000000e5980000)
  from space 7680K, 65% used [0x00000000e6600000,0x00000000e6ae9378,0x00000000e6d80000)
  to   space 10240K, 0% used [0x00000000e5980000,0x00000000e5980000,0x00000000e6380000)
 ParOldGen       total 66048K, used 10813K [0x00000000a0000000, 0x00000000a4080000, 0x00000000e0000000)
  object space 66048K, 16% used [0x00000000a0000000,0x00000000a0a8f520,0x00000000a4080000)
 Metaspace       used 33289K, capacity 33896K, committed 34224K, reserved 1079296K
  class space    used 4497K, capacity 4679K, committed 4784K, reserved 1048576K
Event: 4.772 GC heap after
Heap after GC invocations=8 (full 1):
 PSYoungGen      total 101888K, used 10235K [0x00000000e0000000, 0x00000000e6d80000, 0x0000000100000000)
  eden space 91648K, 0% used [0x00000000e0000000,0x00000000e0000000,0x00000000e5980000)
  from space 10240K, 99% used [0x00000000e5980000,0x00000000e637ef00,0x00000000e6380000)
  to   space 7680K, 0% used [0x00000000e6600000,0x00000000e6600000,0x00000000e6d80000)
 ParOldGen       total 66048K, used 11324K [0x00000000a0000000, 0x00000000a4080000, 0x00000000e0000000)
  object space 66048K, 17% used [0x00000000a0000000,0x00000000a0b0f260,0x00000000a4080000)
 Metaspace       used 33289K, capacity 33896K, committed 34224K, reserved 1079296K
  class space    used 4497K, capacity 4679K, committed 4784K, reserved 1048576K
}
Event: 4.918 GC heap before
{Heap before GC invocations=9 (full 1):
 PSYoungGen      total 101888K, used 24048K [0x00000000e0000000, 0x00000000e6d80000, 0x0000000100000000)
  eden space 91648K, 15% used [0x00000000e0000000,0x00000000e0d7d248,0x00000000e5980000)
  from space 10240K, 99% used [0x00000000e5980000,0x00000000e637ef00,0x00000000e6380000)
  to   space 7680K, 0% used [0x00000000e6600000,0x00000000e6600000,0x00000000e6d80000)
 ParOldGen       total 66048K, used 11324K [0x00000000a0000000, 0x00000000a4080000, 0x00000000e0000000)
  object space 66048K, 17% used [0x00000000a0000000,0x00000000a0b0f260,0x00000000a4080000)
 Metaspace       used 34616K, capacity 35180K, committed 35496K, reserved 1079296K
  class space    used 4651K, capacity 4845K, committed 4912K, reserved 1048576K
Event: 4.924 GC heap after
Heap after GC invocations=9 (full 1):
 PSYoungGen      total 99328K, used 7648K [0x00000000e0000000, 0x00000000e6d80000, 0x0000000100000000)
  eden space 91648K, 0% used [0x00000000e0000000,0x00000000e0000000,0x00000000e5980000)
  from space 7680K, 99% used [0x00000000e6600000,0x00000000e6d78350,0x00000000e6d80000)
  to   space 10240K, 0% used [0x00000000e5980000,0x00000000e5980000,0x00000000e6380000)
 ParOldGen       total 66048K, used 12132K [0x00000000a0000000, 0x00000000a4080000, 0x00000000e0000000)
  object space 66048K, 18% used [0x00000000a0000000,0x00000000a0bd9180,0x00000000a4080000)
 Metaspace       used 34616K, capacity 35180K, committed 35496K, reserved 1079296K
  class space    used 4651K, capacity 4845K, committed 4912K, reserved 1048576K
}
Event: 4.924 GC heap before
{Heap before GC invocations=10 (full 2):
 PSYoungGen      total 99328K, used 7648K [0x00000000e0000000, 0x00000000e6d80000, 0x0000000100000000)
  eden space 91648K, 0% used [0x00000000e0000000,0x00000000e0000000,0x00000000e5980000)
  from space 7680K, 99% used [0x00000000e6600000,0x00000000e6d78350,0x00000000e6d80000)
  to   space 10240K, 0% used [0x00000000e5980000,0x00000000e5980000,0x00000000e6380000)
 ParOldGen       total 66048K, used 12132K [0x00000000a0000000, 0x00000000a4080000, 0x00000000e0000000)
  object space 66048K, 18% used [0x00000000a0000000,0x00000000a0bd9180,0x00000000a4080000)
 Metaspace       used 34616K, capacity 35180K, committed 35496K, reserved 1079296K
  class space    used 4651K, capacity 4845K, committed 4912K, reserved 1048576K
Event: 4.983 GC heap after
Heap after GC invocations=10 (full 2):
 PSYoungGen      total 99328K, used 0K [0x00000000e0000000, 0x00000000e6d80000, 0x0000000100000000)
  eden space 91648K, 0% used [0x00000000e0000000,0x00000000e0000000,0x00000000e5980000)
  from space 7680K, 0% used [0x00000000e6600000,0x00000000e6600000,0x00000000e6d80000)
  to   space 10240K, 0% used [0x00000000e5980000,0x00000000e5980000,0x00000000e6380000)
 ParOldGen       total 66048K, used 15123K [0x00000000a0000000, 0x00000000a4080000, 0x00000000e0000000)
  object space 66048K, 22% used [0x00000000a0000000,0x00000000a0ec4d48,0x00000000a4080000)
 Metaspace       used 34616K, capacity 35180K, committed 35496K, reserved 1079296K
  class space    used 4651K, capacity 4845K, committed 4912K, reserved 1048576K
}
Event: 5.910 GC heap before
{Heap before GC invocations=11 (full 2):
 PSYoungGen      total 99328K, used 91648K [0x00000000e0000000, 0x00000000e6d80000, 0x0000000100000000)
  eden space 91648K, 100% used [0x00000000e0000000,0x00000000e5980000,0x00000000e5980000)
  from space 7680K, 0% used [0x00000000e6600000,0x00000000e6600000,0x00000000e6d80000)
  to   space 10240K, 0% used [0x00000000e5980000,0x00000000e5980000,0x00000000e6380000)
 ParOldGen       total 66048K, used 15123K [0x00000000a0000000, 0x00000000a4080000, 0x00000000e0000000)
  object space 66048K, 22% used [0x00000000a0000000,0x00000000a0ec4d48,0x00000000a4080000)
 Metaspace       used 41314K, capacity 42104K, committed 42672K, reserved 1085440K
  class space    used 5516K, capacity 5694K, committed 5808K, reserved 1048576K
Event: 5.916 GC heap after
Heap after GC invocations=11 (full 2):
 PSYoungGen      total 101888K, used 8463K [0x00000000e0000000, 0x00000000e6d80000, 0x0000000100000000)
  eden space 91648K, 0% used [0x00000000e0000000,0x00000000e0000000,0x00000000e5980000)
  from space 10240K, 82% used [0x00000000e5980000,0x00000000e61c3ec8,0x00000000e6380000)
  to   space 7680K, 0% used [0x00000000e6600000,0x00000000e6600000,0x00000000e6d80000)
 ParOldGen       total 66048K, used 15131K [0x00000000a0000000, 0x00000000a4080000, 0x00000000e0000000)
  object space 66048K, 22% used [0x00000000a0000000,0x00000000a0ec6d48,0x00000000a4080000)
 Metaspace       used 41314K, capacity 42104K, committed 42672K, reserved 1085440K
  class space    used 5516K, capacity 5694K, committed 5808K, reserved 1048576K
}

