# JRE version: OpenJDK Runtime Environment (8.0_76-b03) (build 1.8.0_76-release-b03)
# Java VM: OpenJDK 64-Bit Server VM (25.76-b03 mixed mode windows-amd64 compressed oops)
Heap:
 PSYoungGen      total 145408K, used 30070K [0x00000000e0000000, 0x00000000eaa80000, 0x0000000100000000)
  eden space 124928K, 16% used [0x00000000e0000000,0x00000000e14407b8,0x00000000e7a00000)
  from space 20480K, 45% used [0x00000000e7a00000,0x00000000e831d400,0x00000000e8e00000)
  to   space 19456K, 0% used [0x00000000e9780000,0x00000000e9780000,0x00000000eaa80000)
 ParOldGen       total 104448K, used 41157K [0x00000000a0000000, 0x00000000a6600000, 0x00000000e0000000)
  object space 104448K, 39% used [0x00000000a0000000,0x00000000a2831718,0x00000000a6600000)
 Metaspace       used 58303K, capacity 60712K, committed 60928K, reserved 1101824K
  class space    used 7800K, capacity 8345K, committed 8448K, reserved 1048576K
GC Heap History (10 events):
Event: 14.773 GC heap before
{Heap before GC invocations=18 (full 3):
 PSYoungGen      total 126464K, used 16754K [0x00000000e0000000, 0x00000000e9a80000, 0x0000000100000000)
  eden space 105472K, 0% used [0x00000000e0000000,0x00000000e0000000,0x00000000e6700000)
  from space 20992K, 79% used [0x00000000e6700000,0x00000000e775c840,0x00000000e7b80000)
  to   space 22528K, 0% used [0x00000000e8480000,0x00000000e8480000,0x00000000e9a80000)
 ParOldGen       total 104448K, used 30094K [0x00000000a0000000, 0x00000000a6600000, 0x00000000e0000000)
  object space 104448K, 28% used [0x00000000a0000000,0x00000000a1d638c0,0x00000000a6600000)
 Metaspace       used 51666K, capacity 53692K, committed 53888K, reserved 1095680K
  class space    used 7079K, capacity 7543K, committed 7552K, reserved 1048576K
Event: 15.167 GC heap after
Heap after GC invocations=18 (full 3):
 PSYoungGen      total 126464K, used 0K [0x00000000e0000000, 0x00000000e9a80000, 0x0000000100000000)
  eden space 105472K, 0% used [0x00000000e0000000,0x00000000e0000000,0x00000000e6700000)
  from space 20992K, 0% used [0x00000000e6700000,0x00000000e6700000,0x00000000e7b80000)
  to   space 22528K, 0% used [0x00000000e8480000,0x00000000e8480000,0x00000000e9a80000)
 ParOldGen       total 104448K, used 41125K [0x00000000a0000000, 0x00000000a6600000, 0x00000000e0000000)
  object space 104448K, 39% used [0x00000000a0000000,0x00000000a2829718,0x00000000a6600000)
 Metaspace       used 51666K, capacity 53692K, committed 53888K, reserved 1095680K
  class space    used 7079K, capacity 7543K, committed 7552K, reserved 1048576K
}
Event: 20.990 GC heap before
{Heap before GC invocations=19 (full 3):
 PSYoungGen      total 126464K, used 105472K [0x00000000e0000000, 0x00000000e9a80000, 0x0000000100000000)
  eden space 105472K, 100% used [0x00000000e0000000,0x00000000e6700000,0x00000000e6700000)
  from space 20992K, 0% used [0x00000000e6700000,0x00000000e6700000,0x00000000e7b80000)
  to   space 22528K, 0% used [0x00000000e8480000,0x00000000e8480000,0x00000000e9a80000)
 ParOldGen       total 104448K, used 41125K [0x00000000a0000000, 0x00000000a6600000, 0x00000000e0000000)
  object space 104448K, 39% used [0x00000000a0000000,0x00000000a2829718,0x00000000a6600000)
 Metaspace       used 52181K, capacity 54298K, committed 54528K, reserved 1095680K
  class space    used 7103K, capacity 7572K, committed 7680K, reserved 1048576K
Event: 20.997 GC heap after
Heap after GC invocations=19 (full 3):
 PSYoungGen      total 135680K, used 3936K [0x00000000e0000000, 0x00000000ea800000, 0x0000000100000000)
  eden space 113152K, 0% used [0x00000000e0000000,0x00000000e0000000,0x00000000e6e80000)
  from space 22528K, 17% used [0x00000000e8480000,0x00000000e8858000,0x00000000e9a80000)
  to   space 22528K, 0% used [0x00000000e6e80000,0x00000000e6e80000,0x00000000e8480000)
 ParOldGen       total 104448K, used 41133K [0x00000000a0000000, 0x00000000a6600000, 0x00000000e0000000)
  object space 104448K, 39% used [0x00000000a0000000,0x00000000a282b718,0x00000000a6600000)
 Metaspace       used 52181K, capacity 54298K, committed 54528K, reserved 1095680K
  class space    used 7103K, capacity 7572K, committed 7680K, reserved 1048576K
}
Event: 35.155 GC heap before
{Heap before GC invocations=20 (full 3):
 PSYoungGen      total 135680K, used 117088K [0x00000000e0000000, 0x00000000ea800000, 0x0000000100000000)
  eden space 113152K, 100% used [0x00000000e0000000,0x00000000e6e80000,0x00000000e6e80000)
  from space 22528K, 17% used [0x00000000e8480000,0x00000000e8858000,0x00000000e9a80000)
  to   space 22528K, 0% used [0x00000000e6e80000,0x00000000e6e80000,0x00000000e8480000)
 ParOldGen       total 104448K, used 41133K [0x00000000a0000000, 0x00000000a6600000, 0x00000000e0000000)
  object space 104448K, 39% used [0x00000000a0000000,0x00000000a282b718,0x00000000a6600000)
 Metaspace       used 55930K, capacity 58140K, committed 58240K, reserved 1099776K
  class space    used 7577K, capacity 8059K, committed 8064K, reserved 1048576K
Event: 35.163 GC heap after
Heap after GC invocations=20 (full 3):
 PSYoungGen      total 135680K, used 5897K [0x00000000e0000000, 0x00000000eab00000, 0x0000000100000000)
  eden space 113152K, 0% used [0x00000000e0000000,0x00000000e0000000,0x00000000e6e80000)
  from space 22528K, 26% used [0x00000000e6e80000,0x00000000e7442418,0x00000000e8480000)
  to   space 21504K, 0% used [0x00000000e9600000,0x00000000e9600000,0x00000000eab00000)
 ParOldGen       total 104448K, used 41141K [0x00000000a0000000, 0x00000000a6600000, 0x00000000e0000000)
  object space 104448K, 39% used [0x00000000a0000000,0x00000000a282d718,0x00000000a6600000)
 Metaspace       used 55930K, capacity 58140K, committed 58240K, reserved 1099776K
  class space    used 7577K, capacity 8059K, committed 8064K, reserved 1048576K
}
Event: 41.881 GC heap before
{Heap before GC invocations=21 (full 3):
 PSYoungGen      total 135680K, used 119049K [0x00000000e0000000, 0x00000000eab00000, 0x0000000100000000)
  eden space 113152K, 100% used [0x00000000e0000000,0x00000000e6e80000,0x00000000e6e80000)
  from space 22528K, 26% used [0x00000000e6e80000,0x00000000e7442418,0x00000000e8480000)
  to   space 21504K, 0% used [0x00000000e9600000,0x00000000e9600000,0x00000000eab00000)
 ParOldGen       total 104448K, used 41141K [0x00000000a0000000, 0x00000000a6600000, 0x00000000e0000000)
  object space 104448K, 39% used [0x00000000a0000000,0x00000000a282d718,0x00000000a6600000)
 Metaspace       used 57077K, capacity 59324K, committed 59392K, reserved 1099776K
  class space    used 7694K, capacity 8181K, committed 8192K, reserved 1048576K
Event: 41.931 GC heap after
Heap after GC invocations=21 (full 3):
 PSYoungGen      total 137216K, used 8772K [0x00000000e0000000, 0x00000000ea200000, 0x0000000100000000)
  eden space 124928K, 0% used [0x00000000e0000000,0x00000000e0000000,0x00000000e7a00000)
  from space 12288K, 71% used [0x00000000e9600000,0x00000000e9e912d8,0x00000000ea200000)
  to   space 20480K, 0% used [0x00000000e7a00000,0x00000000e7a00000,0x00000000e8e00000)
 ParOldGen       total 104448K, used 41149K [0x00000000a0000000, 0x00000000a6600000, 0x00000000e0000000)
  object space 104448K, 39% used [0x00000000a0000000,0x00000000a282f718,0x00000000a6600000)
 Metaspace       used 57077K, capacity 59324K, committed 59392K, reserved 1099776K
  class space    used 7694K, capacity 8181K, committed 8192K, reserved 1048576K
}
Event: 50.318 GC heap before
{Heap before GC invocations=22 (full 3):
 PSYoungGen      total 137216K, used 133700K [0x00000000e0000000, 0x00000000ea200000, 0x0000000100000000)
  eden space 124928K, 100% used [0x00000000e0000000,0x00000000e7a00000,0x00000000e7a00000)
  from space 12288K, 71% used [0x00000000e9600000,0x00000000e9e912d8,0x00000000ea200000)
  to   space 20480K, 0% used [0x00000000e7a00000,0x00000000e7a00000,0x00000000e8e00000)
 ParOldGen       total 104448K, used 41149K [0x00000000a0000000, 0x00000000a6600000, 0x00000000e0000000)
  object space 104448K, 39% used [0x00000000a0000000,0x00000000a282f718,0x00000000a6600000)
 Metaspace       used 58303K, capacity 60712K, committed 60928K, reserved 1101824K
  class space    used 7800K, capacity 8345K, committed 8448K, reserved 1048576K
Event: 50.326 GC heap after
Heap after GC invocations=22 (full 3):
 PSYoungGen      total 145408K, used 9333K [0x00000000e0000000, 0x00000000eaa80000, 0x0000000100000000)
  eden space 124928K, 0% used [0x00000000e0000000,0x00000000e0000000,0x00000000e7a00000)
  from space 20480K, 45% used [0x00000000e7a00000,0x00000000e831d400,0x00000000e8e00000)
  to   space 19456K, 0% used [0x00000000e9780000,0x00000000e9780000,0x00000000eaa80000)
 ParOldGen       total 104448K, used 41157K [0x00000000a0000000, 0x00000000a6600000, 0x00000000e0000000)
  object space 104448K, 39% used [0x00000000a0000000,0x00000000a2831718,0x00000000a6600000)
 Metaspace       used 58303K, capacity 60712K, committed 60928K, reserved 1101824K
  class space    used 7800K, capacity 8345K, committed 8448K, reserved 1048576K
}

