# JRE version: OpenJDK Runtime Environment (8.0_76-b03) (build 1.8.0_76-release-b03)
# Java VM: OpenJDK 64-Bit Server VM (25.76-b03 mixed mode windows-amd64 compressed oops)
Heap:
 PSYoungGen      total 428544K, used 202477K [0x00000000e0000000, 0x0000000100000000, 0x0000000100000000)
  eden space 337920K, 59% used [0x00000000e0000000,0x00000000ec5bb5a0,0x00000000f4a00000)
  from space 90624K, 0% used [0x00000000fa780000,0x00000000fa780000,0x0000000100000000)
  to   space 93184K, 0% used [0x00000000f4a00000,0x00000000f4a00000,0x00000000fa500000)
 ParOldGen       total 226816K, used 54022K [0x00000000a0000000, 0x00000000add80000, 0x00000000e0000000)
  object space 226816K, 23% used [0x00000000a0000000,0x00000000a34c1ad8,0x00000000add80000)
 Metaspace       used 72149K, capacity 75272K, committed 75392K, reserved 1114112K
  class space    used 9200K, capacity 9819K, committed 9856K, reserved 1048576K
GC Heap History (10 events):
Event: 149.200 GC heap before
{Heap before GC invocations=40 (full 5):
 PSYoungGen      total 415744K, used 321536K [0x00000000e0000000, 0x00000000ff900000, 0x0000000100000000)
  eden space 321536K, 100% used [0x00000000e0000000,0x00000000f3a00000,0x00000000f3a00000)
  from space 94208K, 0% used [0x00000000f9d00000,0x00000000f9d00000,0x00000000ff900000)
  to   space 97792K, 0% used [0x00000000f3a00000,0x00000000f3a00000,0x00000000f9980000)
 ParOldGen       total 226816K, used 100595K [0x00000000a0000000, 0x00000000add80000, 0x00000000e0000000)
  object space 226816K, 44% used [0x00000000a0000000,0x00000000a623cc30,0x00000000add80000)
 Metaspace       used 71883K, capacity 74866K, committed 75136K, reserved 1114112K
  class space    used 9186K, capacity 9802K, committed 9856K, reserved 1048576K
Event: 149.307 GC heap after
Heap after GC invocations=40 (full 5):
 PSYoungGen      total 419328K, used 43622K [0x00000000e0000000, 0x00000000ffb80000, 0x0000000100000000)
  eden space 321536K, 0% used [0x00000000e0000000,0x00000000e0000000,0x00000000f3a00000)
  from space 97792K, 44% used [0x00000000f3a00000,0x00000000f6499b60,0x00000000f9980000)
  to   space 93696K, 0% used [0x00000000fa000000,0x00000000fa000000,0x00000000ffb80000)
 ParOldGen       total 226816K, used 100603K [0x00000000a0000000, 0x00000000add80000, 0x00000000e0000000)
  object space 226816K, 44% used [0x00000000a0000000,0x00000000a623ec30,0x00000000add80000)
 Metaspace       used 71883K, capacity 74866K, committed 75136K, reserved 1114112K
  class space    used 9186K, capacity 9802K, committed 9856K, reserved 1048576K
}
Event: 150.836 GC heap before
{Heap before GC invocations=41 (full 5):
 PSYoungGen      total 419328K, used 365158K [0x00000000e0000000, 0x00000000ffb80000, 0x0000000100000000)
  eden space 321536K, 100% used [0x00000000e0000000,0x00000000f3a00000,0x00000000f3a00000)
  from space 97792K, 44% used [0x00000000f3a00000,0x00000000f6499b60,0x00000000f9980000)
  to   space 93696K, 0% used [0x00000000fa000000,0x00000000fa000000,0x00000000ffb80000)
 ParOldGen       total 226816K, used 100603K [0x00000000a0000000, 0x00000000add80000, 0x00000000e0000000)
  object space 226816K, 44% used [0x00000000a0000000,0x00000000a623ec30,0x00000000add80000)
 Metaspace       used 71896K, capacity 74866K, committed 75136K, reserved 1114112K
  class space    used 9186K, capacity 9802K, committed 9856K, reserved 1048576K
Event: 151.042 GC heap after
Heap after GC invocations=41 (full 5):
 PSYoungGen      total 417792K, used 44730K [0x00000000e0000000, 0x00000000ff300000, 0x0000000100000000)
  eden space 332800K, 0% used [0x00000000e0000000,0x00000000e0000000,0x00000000f4500000)
  from space 84992K, 52% used [0x00000000fa000000,0x00000000fcbae8b8,0x00000000ff300000)
  to   space 89088K, 0% used [0x00000000f4500000,0x00000000f4500000,0x00000000f9c00000)
 ParOldGen       total 226816K, used 129208K [0x00000000a0000000, 0x00000000add80000, 0x00000000e0000000)
  object space 226816K, 56% used [0x00000000a0000000,0x00000000a7e2e160,0x00000000add80000)
 Metaspace       used 71896K, capacity 74866K, committed 75136K, reserved 1114112K
  class space    used 9186K, capacity 9802K, committed 9856K, reserved 1048576K
}
Event: 153.886 GC heap before
{Heap before GC invocations=42 (full 5):
 PSYoungGen      total 417792K, used 377491K [0x00000000e0000000, 0x00000000ff300000, 0x0000000100000000)
  eden space 332800K, 99% used [0x00000000e0000000,0x00000000f44f6370,0x00000000f4500000)
  from space 84992K, 52% used [0x00000000fa000000,0x00000000fcbae8b8,0x00000000ff300000)
  to   space 89088K, 0% used [0x00000000f4500000,0x00000000f4500000,0x00000000f9c00000)
 ParOldGen       total 226816K, used 129208K [0x00000000a0000000, 0x00000000add80000, 0x00000000e0000000)
  object space 226816K, 56% used [0x00000000a0000000,0x00000000a7e2e160,0x00000000add80000)
 Metaspace       used 71930K, capacity 74866K, committed 75136K, reserved 1114112K
  class space    used 9186K, capacity 9802K, committed 9856K, reserved 1048576K
Event: 153.961 GC heap after
Heap after GC invocations=42 (full 5):
 PSYoungGen      total 421888K, used 12723K [0x00000000e0000000, 0x0000000100000000, 0x0000000100000000)
  eden space 332800K, 0% used [0x00000000e0000000,0x00000000e0000000,0x00000000f4500000)
  from space 89088K, 14% used [0x00000000f4500000,0x00000000f516ced8,0x00000000f9c00000)
  to   space 90624K, 0% used [0x00000000fa780000,0x00000000fa780000,0x0000000100000000)
 ParOldGen       total 226816K, used 140253K [0x00000000a0000000, 0x00000000add80000, 0x00000000e0000000)
  object space 226816K, 61% used [0x00000000a0000000,0x00000000a88f7508,0x00000000add80000)
 Metaspace       used 71930K, capacity 74866K, committed 75136K, reserved 1114112K
  class space    used 9186K, capacity 9802K, committed 9856K, reserved 1048576K
}
Event: 154.577 GC heap before
{Heap before GC invocations=43 (full 5):
 PSYoungGen      total 421888K, used 166945K [0x00000000e0000000, 0x0000000100000000, 0x0000000100000000)
  eden space 332800K, 46% used [0x00000000e0000000,0x00000000e969b5a8,0x00000000f4500000)
  from space 89088K, 14% used [0x00000000f4500000,0x00000000f516ced8,0x00000000f9c00000)
  to   space 90624K, 0% used [0x00000000fa780000,0x00000000fa780000,0x0000000100000000)
 ParOldGen       total 226816K, used 140253K [0x00000000a0000000, 0x00000000add80000, 0x00000000e0000000)
  object space 226816K, 61% used [0x00000000a0000000,0x00000000a88f7508,0x00000000add80000)
 Metaspace       used 71941K, capacity 74866K, committed 75136K, reserved 1114112K
  class space    used 9186K, capacity 9802K, committed 9856K, reserved 1048576K
Event: 154.608 GC heap after
Heap after GC invocations=43 (full 5):
 PSYoungGen      total 428544K, used 192K [0x00000000e0000000, 0x0000000100000000, 0x0000000100000000)
  eden space 337920K, 0% used [0x00000000e0000000,0x00000000e0000000,0x00000000f4a00000)
  from space 90624K, 0% used [0x00000000fa780000,0x00000000fa7b0000,0x0000000100000000)
  to   space 93184K, 0% used [0x00000000f4a00000,0x00000000f4a00000,0x00000000fa500000)
 ParOldGen       total 226816K, used 147111K [0x00000000a0000000, 0x00000000add80000, 0x00000000e0000000)
  object space 226816K, 64% used [0x00000000a0000000,0x00000000a8fa9c28,0x00000000add80000)
 Metaspace       used 71941K, capacity 74866K, committed 75136K, reserved 1114112K
  class space    used 9186K, capacity 9802K, committed 9856K, reserved 1048576K
}
Event: 154.608 GC heap before
{Heap before GC invocations=44 (full 6):
 PSYoungGen      total 428544K, used 192K [0x00000000e0000000, 0x0000000100000000, 0x0000000100000000)
  eden space 337920K, 0% used [0x00000000e0000000,0x00000000e0000000,0x00000000f4a00000)
  from space 90624K, 0% used [0x00000000fa780000,0x00000000fa7b0000,0x0000000100000000)
  to   space 93184K, 0% used [0x00000000f4a00000,0x00000000f4a00000,0x00000000fa500000)
 ParOldGen       total 226816K, used 147111K [0x00000000a0000000, 0x00000000add80000, 0x00000000e0000000)
  object space 226816K, 64% used [0x00000000a0000000,0x00000000a8fa9c28,0x00000000add80000)
 Metaspace       used 71941K, capacity 74866K, committed 75136K, reserved 1114112K
  class space    used 9186K, capacity 9802K, committed 9856K, reserved 1048576K
Event: 155.830 GC heap after
Heap after GC invocations=44 (full 6):
 PSYoungGen      total 428544K, used 0K [0x00000000e0000000, 0x0000000100000000, 0x0000000100000000)
  eden space 337920K, 0% used [0x00000000e0000000,0x00000000e0000000,0x00000000f4a00000)
  from space 90624K, 0% used [0x00000000fa780000,0x00000000fa780000,0x0000000100000000)
  to   space 93184K, 0% used [0x00000000f4a00000,0x00000000f4a00000,0x00000000fa500000)
 ParOldGen       total 226816K, used 54022K [0x00000000a0000000, 0x00000000add80000, 0x00000000e0000000)
  object space 226816K, 23% used [0x00000000a0000000,0x00000000a34c1ad8,0x00000000add80000)
 Metaspace       used 71941K, capacity 74866K, committed 75136K, reserved 1114112K
  class space    used 9186K, capacity 9802K, committed 9856K, reserved 1048576K
}

